  FooterObject.cpp
  HeaderObject.cpp
  main.cpp
D:\Projects\Low-Level-Programming\Ray trace LLP - fixed\Ray trace LLP - fixed\RayTracerSmall\main.h(25,1): warning C4005: 'INFINITY': macro redefinition
C:\Program Files (x86)\Windows Kits\10\Include\10.0.19041.0\ucrt\corecrt_math.h(88): message : see previous definition of 'INFINITY'
D:\Projects\Low-Level-Programming\Ray trace LLP - fixed\Ray trace LLP - fixed\RayTracerSmall\main.cpp(78,19): warning C4305: 'initializing': truncation from 'double' to 'float'
D:\Projects\Low-Level-Programming\Ray trace LLP - fixed\Ray trace LLP - fixed\RayTracerSmall\main.cpp(84,60): warning C4305: 'argument': truncation from 'double' to 'const float'
D:\Projects\Low-Level-Programming\Ray trace LLP - fixed\Ray trace LLP - fixed\RayTracerSmall\main.cpp(84,32): warning C4244: 'argument': conversion from 'double' to 'const float', possible loss of data
D:\Projects\Low-Level-Programming\Ray trace LLP - fixed\Ray trace LLP - fixed\RayTracerSmall\main.cpp(93,19): warning C4305: 'initializing': truncation from 'double' to 'float'
D:\Projects\Low-Level-Programming\Ray trace LLP - fixed\Ray trace LLP - fixed\RayTracerSmall\main.cpp(148,14): warning C4244: 'initializing': conversion from 'double' to 'float', possible loss of data
D:\Projects\Low-Level-Programming\Ray trace LLP - fixed\Ray trace LLP - fixed\RayTracerSmall\main.cpp(152,13): warning C4244: 'initializing': conversion from 'double' to 'float', possible loss of data
D:\Projects\Low-Level-Programming\Ray trace LLP - fixed\Ray trace LLP - fixed\RayTracerSmall\main.cpp(153,13): warning C4244: 'initializing': conversion from 'double' to 'float', possible loss of data
D:\Projects\Low-Level-Programming\Ray trace LLP - fixed\Ray trace LLP - fixed\RayTracerSmall\main.cpp(204,81): warning C4305: 'argument': truncation from 'double' to 'T'
          with
          [
              T=float
          ]
D:\Projects\Low-Level-Programming\Ray trace LLP - fixed\Ray trace LLP - fixed\RayTracerSmall\main.cpp(205,78): warning C4305: 'argument': truncation from 'double' to 'T'
          with
          [
              T=float
          ]
D:\Projects\Low-Level-Programming\Ray trace LLP - fixed\Ray trace LLP - fixed\RayTracerSmall\main.cpp(206,73): warning C4305: 'argument': truncation from 'double' to 'T'
          with
          [
              T=float
          ]
D:\Projects\Low-Level-Programming\Ray trace LLP - fixed\Ray trace LLP - fixed\RayTracerSmall\main.cpp(207,72): warning C4305: 'argument': truncation from 'double' to 'T'
          with
          [
              T=float
          ]
D:\Projects\Low-Level-Programming\Ray trace LLP - fixed\Ray trace LLP - fixed\RayTracerSmall\main.cpp(208,18): warning C4244: 'argument': conversion from 'float' to 'int', possible loss of data
  MemoryPool.cpp
D:\Projects\Low-Level-Programming\Ray trace LLP - fixed\Ray trace LLP - fixed\RayTracerSmall\MemoryPool.cpp(52,31): warning C4267: '=': conversion from 'size_t' to 'int', possible loss of data
  sphere.cpp
  vec3.cpp
  Generating Code...
  RayTracerSmall.vcxproj -> D:\Projects\Low-Level-Programming\Ray trace LLP - fixed\Ray trace LLP - fixed\x64\Debug\RayTracerSmall.exe
