  main.cpp
D:\Projects\Low-Level-Programming\Ray trace LLP - fixed\Ray trace LLP - fixed\RayTracerSmall\main.h(25,1): warning C4005: 'INFINITY': macro redefinition
C:\Program Files (x86)\Windows Kits\10\Include\10.0.19041.0\ucrt\corecrt_math.h(88): message : see previous definition of 'INFINITY'
D:\Projects\Low-Level-Programming\Ray trace LLP - fixed\Ray trace LLP - fixed\RayTracerSmall\main.cpp(78,19): warning C4305: 'initializing': truncation from 'double' to 'float'
D:\Projects\Low-Level-Programming\Ray trace LLP - fixed\Ray trace LLP - fixed\RayTracerSmall\main.cpp(84,60): warning C4305: 'argument': truncation from 'double' to 'const float'
D:\Projects\Low-Level-Programming\Ray trace LLP - fixed\Ray trace LLP - fixed\RayTracerSmall\main.cpp(84,32): warning C4244: 'argument': conversion from 'double' to 'const float', possible loss of data
D:\Projects\Low-Level-Programming\Ray trace LLP - fixed\Ray trace LLP - fixed\RayTracerSmall\main.cpp(93,19): warning C4305: 'initializing': truncation from 'double' to 'float'
D:\Projects\Low-Level-Programming\Ray trace LLP - fixed\Ray trace LLP - fixed\RayTracerSmall\main.cpp(151,14): warning C4244: 'initializing': conversion from 'double' to 'float', possible loss of data
D:\Projects\Low-Level-Programming\Ray trace LLP - fixed\Ray trace LLP - fixed\RayTracerSmall\main.cpp(155,13): warning C4244: 'initializing': conversion from 'double' to 'float', possible loss of data
D:\Projects\Low-Level-Programming\Ray trace LLP - fixed\Ray trace LLP - fixed\RayTracerSmall\main.cpp(156,13): warning C4244: 'initializing': conversion from 'double' to 'float', possible loss of data
D:\Projects\Low-Level-Programming\Ray trace LLP - fixed\Ray trace LLP - fixed\RayTracerSmall\main.cpp(208,81): warning C4305: 'argument': truncation from 'double' to 'T'
          with
          [
              T=float
          ]
D:\Projects\Low-Level-Programming\Ray trace LLP - fixed\Ray trace LLP - fixed\RayTracerSmall\main.cpp(209,78): warning C4305: 'argument': truncation from 'double' to 'T'
          with
          [
              T=float
          ]
D:\Projects\Low-Level-Programming\Ray trace LLP - fixed\Ray trace LLP - fixed\RayTracerSmall\main.cpp(210,73): warning C4305: 'argument': truncation from 'double' to 'T'
          with
          [
              T=float
          ]
D:\Projects\Low-Level-Programming\Ray trace LLP - fixed\Ray trace LLP - fixed\RayTracerSmall\main.cpp(211,72): warning C4305: 'argument': truncation from 'double' to 'T'
          with
          [
              T=float
          ]
D:\Projects\Low-Level-Programming\Ray trace LLP - fixed\Ray trace LLP - fixed\RayTracerSmall\main.cpp(212,18): warning C4244: 'argument': conversion from 'float' to 'int', possible loss of data
  Generating code
  4 of 358 functions ( 1.1%) were compiled, the rest were copied from previous compilation.
    0 functions were new in current compilation
    1 functions had inline decision re-evaluated but remain unchanged
  Finished generating code
  RayTracerSmall.vcxproj -> D:\Projects\Low-Level-Programming\Ray trace LLP - fixed\Ray trace LLP - fixed\x64\Release\RayTracerSmall.exe
